  Magicover.cpp
C:\Users\Tim\Documents\Lab\ITMO\CPP\Magicover\Magicover\Magicover.cpp(74,17): warning C4244: инициализация: преобразование "float" в "int", возможна потеря данных
C:\Users\Tim\Documents\Lab\ITMO\CPP\Magicover\Magicover\Magicover.cpp(93,27): warning C4244: -=: преобразование "float" в "int", возможна потеря данных
C:\Users\Tim\Documents\Lab\ITMO\CPP\Magicover\Magicover\Magicover.cpp(177,16): warning C4305: =: усечение из "double" в "float"
C:\Users\Tim\Documents\Lab\ITMO\CPP\Magicover\Magicover\Magicover.cpp(196,22): warning C4305: =: усечение из "double" в "float"
C:\Users\Tim\Documents\Lab\ITMO\CPP\Magicover\Magicover\Magicover.cpp(197,21): warning C4305: =: усечение из "double" в "float"
C:\Users\Tim\Documents\Lab\ITMO\CPP\Magicover\Magicover\Magicover.cpp(198,21): warning C4305: =: усечение из "double" в "float"
C:\Users\Tim\Documents\Lab\ITMO\CPP\Magicover\Magicover\Magicover.cpp(199,20): warning C4305: =: усечение из "double" в "float"
C:\Users\Tim\Documents\Lab\ITMO\CPP\Magicover\Magicover\Magicover.cpp(225,22): warning C4305: =: усечение из "double" в "float"
C:\Users\Tim\Documents\Lab\ITMO\CPP\Magicover\Magicover\Magicover.cpp(226,21): warning C4305: =: усечение из "double" в "float"
C:\Users\Tim\Documents\Lab\ITMO\CPP\Magicover\Magicover\Magicover.cpp(227,21): warning C4305: =: усечение из "double" в "float"
C:\Users\Tim\Documents\Lab\ITMO\CPP\Magicover\Magicover\Magicover.cpp(228,20): warning C4305: =: усечение из "double" в "float"
C:\Users\Tim\Documents\Lab\ITMO\CPP\Magicover\Magicover\Magicover.cpp(255,22): warning C4305: =: усечение из "double" в "float"
C:\Users\Tim\Documents\Lab\ITMO\CPP\Magicover\Magicover\Magicover.cpp(256,21): warning C4305: =: усечение из "double" в "float"
C:\Users\Tim\Documents\Lab\ITMO\CPP\Magicover\Magicover\Magicover.cpp(257,21): warning C4305: =: усечение из "double" в "float"
C:\Users\Tim\Documents\Lab\ITMO\CPP\Magicover\Magicover\Magicover.cpp(258,20): warning C4305: =: усечение из "double" в "float"
C:\Users\Tim\Documents\Lab\ITMO\CPP\Magicover\Magicover\Magicover.cpp(275,16): warning C4305: =: усечение из "double" в "float"
C:\Users\Tim\Documents\Lab\ITMO\CPP\Magicover\Magicover\Magicover.cpp(276,22): warning C4305: =: усечение из "double" в "float"
C:\Users\Tim\Documents\Lab\ITMO\CPP\Magicover\Magicover\Magicover.cpp(277,21): warning C4305: =: усечение из "double" в "float"
C:\Users\Tim\Documents\Lab\ITMO\CPP\Magicover\Magicover\Magicover.cpp(278,21): warning C4305: =: усечение из "double" в "float"
C:\Users\Tim\Documents\Lab\ITMO\CPP\Magicover\Magicover\Magicover.cpp(279,20): warning C4305: =: усечение из "double" в "float"
C:\Users\Tim\Documents\Lab\ITMO\CPP\Magicover\Magicover\Magicover.cpp(310,16): warning C4305: =: усечение из "double" в "float"
C:\Users\Tim\Documents\Lab\ITMO\CPP\Magicover\Magicover\Magicover.cpp(311,22): warning C4305: =: усечение из "double" в "float"
C:\Users\Tim\Documents\Lab\ITMO\CPP\Magicover\Magicover\Magicover.cpp(312,21): warning C4305: =: усечение из "double" в "float"
C:\Users\Tim\Documents\Lab\ITMO\CPP\Magicover\Magicover\Magicover.cpp(313,21): warning C4305: =: усечение из "double" в "float"
C:\Users\Tim\Documents\Lab\ITMO\CPP\Magicover\Magicover\Magicover.cpp(314,20): warning C4305: =: усечение из "double" в "float"
C:\Users\Tim\Documents\Lab\ITMO\CPP\Magicover\Magicover\Magicover.cpp(331,16): warning C4305: =: усечение из "double" в "float"
C:\Users\Tim\Documents\Lab\ITMO\CPP\Magicover\Magicover\Magicover.cpp(333,21): warning C4305: =: усечение из "double" в "float"
C:\Users\Tim\Documents\Lab\ITMO\CPP\Magicover\Magicover\Magicover.cpp(334,21): warning C4305: =: усечение из "double" в "float"
C:\Users\Tim\Documents\Lab\ITMO\CPP\Magicover\Magicover\Magicover.cpp(398,19): warning C4244: -=: преобразование "float" в "int", возможна потеря данных
C:\Users\Tim\Documents\Lab\ITMO\CPP\Magicover\Magicover\Magicover.cpp(522,13): warning C4244: аргумент: преобразование "time_t" в "unsigned int", возможна потеря данных
C:\Users\Tim\Documents\Lab\ITMO\CPP\Magicover\Magicover\Magicover.cpp(539,16): warning C4244: =: преобразование "float" в "int", возможна потеря данных
C:\Users\Tim\Documents\Lab\ITMO\CPP\Magicover\Magicover\Magicover.cpp(647,33): warning C4244: аргумент: преобразование "int" в "float", возможна потеря данных
C:\Users\Tim\Documents\Lab\ITMO\CPP\Magicover\Magicover\Magicover.cpp(647,27): warning C4244: =: преобразование "float" в "int", возможна потеря данных
C:\Users\Tim\Documents\Lab\ITMO\CPP\Magicover\Magicover\Magicover.cpp(722,29): warning C4244: аргумент: преобразование "int" в "float", возможна потеря данных
C:\Users\Tim\Documents\Lab\ITMO\CPP\Magicover\Magicover\Magicover.cpp(722,23): warning C4244: =: преобразование "float" в "int", возможна потеря данных
C:\Users\Tim\Documents\Lab\ITMO\CPP\Magicover\Magicover\Magicover.cpp(751,40): warning C4244: аргумент: преобразование "int" в "float", возможна потеря данных
C:\Users\Tim\Documents\Lab\ITMO\CPP\Magicover\Magicover\Magicover.cpp(751,31): warning C4244: аргумент: преобразование "int" в "float", возможна потеря данных
C:\Users\Tim\Documents\Lab\ITMO\CPP\Magicover\Magicover\Magicover.cpp(751,23): warning C4244: =: преобразование "float" в "int", возможна потеря данных
C:\Users\Tim\Documents\Lab\ITMO\CPP\Magicover\Magicover\Magicover.cpp(756,40): warning C4244: аргумент: преобразование "int" в "float", возможна потеря данных
C:\Users\Tim\Documents\Lab\ITMO\CPP\Magicover\Magicover\Magicover.cpp(756,31): warning C4244: аргумент: преобразование "int" в "float", возможна потеря данных
C:\Users\Tim\Documents\Lab\ITMO\CPP\Magicover\Magicover\Magicover.cpp(756,23): warning C4244: =: преобразование "float" в "int", возможна потеря данных
  Magicover.vcxproj -> C:\Users\Tim\Documents\Lab\ITMO\CPP\Magicover\x64\Debug\Magicover.exe
